<?xml version="1.0" encoding="UTF-8" ?>
<testsuite tests="7" failures="0" name="TestRunner.TestRunner" time="171.733" errors="1" skipped="0">
  <properties>
[...]
</properties>
  <testcase classname="Click Logo" name="I want to click on the logo on the Contact Us page" time="30.701">
    <error message="stale element reference: element is not attached to the page document
  (Session info: chrome=80.0.3987.122)
For documentation on this error, please visit: https://www.seleniumhq.org/exceptions/stale_element_reference.html
Build info: version: &apos;3.141.59&apos;, revision: &apos;e82be7d358&apos;, time: &apos;2018-11-14T08:17:03&apos;
System info: host: &apos;OC-LAP-SPARE300&apos;, ip: &apos;192.168.1.4&apos;, os.name: &apos;Windows 10&apos;, os.arch: &apos;amd64&apos;, os.version: &apos;10.0&apos;, java.version: &apos;1.8.0_241&apos;
Driver info: org.openqa.selenium.chrome.ChromeDriver
Capabilities {acceptInsecureCerts: false, browserName: chrome, browserVersion: 80.0.3987.122, chrome: {chromedriverVersion: 80.0.3987.106 (f68069574609..., userDataDir: C:\Users\anithaj\AppData\Lo...}, goog:chromeOptions: {debuggerAddress: localhost:55047}, javascriptEnabled: true, networkConnectionEnabled: false, pageLoadStrategy: normal, platform: WINDOWS, platformName: WINDOWS, proxy: Proxy(), setWindowRect: true, strictFileInteractability: false, timeouts: {implicit: 0, pageLoad: 300000, script: 30000}, unhandledPromptBehavior: dismiss and notify}
Session ID: b40f51aee6a09c652d110395fdd1bf18" type="org.openqa.selenium.StaleElementReferenceException">org.openqa.selenium.StaleElementReferenceException: stale element reference: element is not attached to the page document
  (Session info: chrome=80.0.3987.122)
For documentation on this error, please visit: https://www.seleniumhq.org/exceptions/stale_element_reference.html
Build info: version: &apos;3.141.59&apos;, revision: &apos;e82be7d358&apos;, time: &apos;2018-11-14T08:17:03&apos;
System info: host: &apos;OC-LAP-SPARE300&apos;, ip: &apos;192.168.1.4&apos;, os.name: &apos;Windows 10&apos;, os.arch: &apos;amd64&apos;, os.version: &apos;10.0&apos;, java.version: &apos;1.8.0_241&apos;
Driver info: org.openqa.selenium.chrome.ChromeDriver
Capabilities {acceptInsecureCerts: false, browserName: chrome, browserVersion: 80.0.3987.122, chrome: {chromedriverVersion: 80.0.3987.106 (f68069574609..., userDataDir: C:\Users\anithaj\AppData\Lo...}, goog:chromeOptions: {debuggerAddress: localhost:55047}, javascriptEnabled: true, networkConnectionEnabled: false, pageLoadStrategy: normal, platform: WINDOWS, platformName: WINDOWS, proxy: Proxy(), setWindowRect: true, strictFileInteractability: false, timeouts: {implicit: 0, pageLoad: 300000, script: 30000}, unhandledPromptBehavior: dismiss and notify}
Session ID: b40f51aee6a09c652d110395fdd1bf18
	at sun.reflect.NativeConstructorAccessorImpl.newInstance0(Native Method)
	at sun.reflect.NativeConstructorAccessorImpl.newInstance(NativeConstructorAccessorImpl.java:62)
	at sun.reflect.DelegatingConstructorAccessorImpl.newInstance(DelegatingConstructorAccessorImpl.java:45)
	at java.lang.reflect.Constructor.newInstance(Constructor.java:423)
	at org.openqa.selenium.remote.http.W3CHttpResponseCodec.createException(W3CHttpResponseCodec.java:187)
	at org.openqa.selenium.remote.http.W3CHttpResponseCodec.decode(W3CHttpResponseCodec.java:122)
	at org.openqa.selenium.remote.http.W3CHttpResponseCodec.decode(W3CHttpResponseCodec.java:49)
	at org.openqa.selenium.remote.HttpCommandExecutor.execute(HttpCommandExecutor.java:158)
	at org.openqa.selenium.remote.service.DriverCommandExecutor.execute(DriverCommandExecutor.java:83)
	at org.openqa.selenium.remote.RemoteWebDriver.execute(RemoteWebDriver.java:552)
	at org.openqa.selenium.remote.RemoteWebElement.execute(RemoteWebElement.java:285)
	at org.openqa.selenium.remote.RemoteWebElement.click(RemoteWebElement.java:84)
	at sun.reflect.NativeMethodAccessorImpl.invoke0(Native Method)
	at sun.reflect.NativeMethodAccessorImpl.invoke(NativeMethodAccessorImpl.java:62)
	at sun.reflect.DelegatingMethodAccessorImpl.invoke(DelegatingMethodAccessorImpl.java:43)
	at java.lang.reflect.Method.invoke(Method.java:498)
	at org.openqa.selenium.support.pagefactory.internal.LocatingElementHandler.invoke(LocatingElementHandler.java:51)
	at com.sun.proxy.$Proxy15.click(Unknown Source)
	at pages.SecurePay.LogoClick(SecurePay.java:83)
	at stepDefinitions.ClickLogo.I_click_on_the_logo(ClickLogo.java:35)
	at ✽.I click on the logo(file:///C:/SecurePayBDD/./Features/ClickLogo.feature:6)
</error>
    <system-out>
Scenario: I want to click on the logo on the Contact Us page # Features/ClickLogo.feature:3
  Given I am at the Contact Us page                          # stepDefinitions.ClickLogo.I_am_at_the_Contact_Us_page()
  When I click on the logo                                   # stepDefinitions.ClickLogo.I_click_on_the_logo()
      org.openqa.selenium.StaleElementReferenceException: stale element reference: element is not attached to the page document
  (Session info: chrome=80.0.3987.122)
For documentation on this error, please visit: https://www.seleniumhq.org/exceptions/stale_element_reference.html
Build info: version: &apos;3.141.59&apos;, revision: &apos;e82be7d358&apos;, time: &apos;2018-11-14T08:17:03&apos;
System info: host: &apos;OC-LAP-SPARE300&apos;, ip: &apos;192.168.1.4&apos;, os.name: &apos;Windows 10&apos;, os.arch: &apos;amd64&apos;, os.version: &apos;10.0&apos;, java.version: &apos;1.8.0_241&apos;
Driver info: org.openqa.selenium.chrome.ChromeDriver
Capabilities {acceptInsecureCerts: false, browserName: chrome, browserVersion: 80.0.3987.122, chrome: {chromedriverVersion: 80.0.3987.106 (f68069574609..., userDataDir: C:\Users\anithaj\AppData\Lo...}, goog:chromeOptions: {debuggerAddress: localhost:55047}, javascriptEnabled: true, networkConnectionEnabled: false, pageLoadStrategy: normal, platform: WINDOWS, platformName: WINDOWS, proxy: Proxy(), setWindowRect: true, strictFileInteractability: false, timeouts: {implicit: 0, pageLoad: 300000, script: 30000}, unhandledPromptBehavior: dismiss and notify}
Session ID: b40f51aee6a09c652d110395fdd1bf18
	at sun.reflect.NativeConstructorAccessorImpl.newInstance0(Native Method)
	at sun.reflect.NativeConstructorAccessorImpl.newInstance(NativeConstructorAccessorImpl.java:62)
	at sun.reflect.DelegatingConstructorAccessorImpl.newInstance(DelegatingConstructorAccessorImpl.java:45)
	at java.lang.reflect.Constructor.newInstance(Constructor.java:423)
	at org.openqa.selenium.remote.http.W3CHttpResponseCodec.createException(W3CHttpResponseCodec.java:187)
	at org.openqa.selenium.remote.http.W3CHttpResponseCodec.decode(W3CHttpResponseCodec.java:122)
	at org.openqa.selenium.remote.http.W3CHttpResponseCodec.decode(W3CHttpResponseCodec.java:49)
	at org.openqa.selenium.remote.HttpCommandExecutor.execute(HttpCommandExecutor.java:158)
	at org.openqa.selenium.remote.service.DriverCommandExecutor.execute(DriverCommandExecutor.java:83)
	at org.openqa.selenium.remote.RemoteWebDriver.execute(RemoteWebDriver.java:552)
	at org.openqa.selenium.remote.RemoteWebElement.execute(RemoteWebElement.java:285)
	at org.openqa.selenium.remote.RemoteWebElement.click(RemoteWebElement.java:84)
	at sun.reflect.NativeMethodAccessorImpl.invoke0(Native Method)
	at sun.reflect.NativeMethodAccessorImpl.invoke(NativeMethodAccessorImpl.java:62)
	at sun.reflect.DelegatingMethodAccessorImpl.invoke(DelegatingMethodAccessorImpl.java:43)
	at java.lang.reflect.Method.invoke(Method.java:498)
	at org.openqa.selenium.support.pagefactory.internal.LocatingElementHandler.invoke(LocatingElementHandler.java:51)
	at com.sun.proxy.$Proxy15.click(Unknown Source)
	at pages.SecurePay.LogoClick(SecurePay.java:83)
	at stepDefinitions.ClickLogo.I_click_on_the_logo(ClickLogo.java:35)
	at ?.I click on the logo(file:///C:/SecurePayBDD/./Features/ClickLogo.feature:6)

  Then I am taken to SecurePay page                          # stepDefinitions.ClickLogo.I_am_taken_to_SecurePay_page()
</system-out>
    <system-err>Feb 29, 2020 2:21:58 AM io.cucumber.junit.Cucumber &lt;init&gt;
WARNING: By default Cucumber is running in --non-strict mode.
This default will change to --strict and --non-strict will be removed.
You can use --strict or @CucumberOptions(strict = true) to suppress this warning
Starting ChromeDriver 80.0.3987.106 (f68069574609230cf9b635cd784cfb1bf81bb53a-refs/branch-heads/3987@{#882}) on port 38028
Only local connections are allowed.
Please protect ports used by ChromeDriver and related test frameworks to prevent access by malicious code.
Feb 29, 2020 2:22:09 AM org.openqa.selenium.remote.ProtocolHandshake createSession
INFO: Detected dialect: W3C
[1582971732.830][SEVERE]: Timed out receiving message from renderer: 0.100
[1582971732.933][SEVERE]: Timed out receiving message from renderer: 0.100
[1582971733.036][SEVERE]: Timed out receiving message from renderer: 0.100
[1582971733.138][SEVERE]: Timed out receiving message from renderer: 0.100
[1582971733.241][SEVERE]: Timed out receiving message from renderer: 0.100
[1582971733.344][SEVERE]: Timed out receiving message from renderer: 0.100
[1582971733.446][SEVERE]: Timed out receiving message from renderer: 0.100
[1582971733.548][SEVERE]: Timed out receiving message from renderer: 0.100
[1582971733.650][SEVERE]: Timed out receiving message from renderer: 0.100
[1582971733.753][SEVERE]: Timed out receiving message from renderer: 0.100
[1582971733.855][SEVERE]: Timed out receiving message from renderer: 0.100
[1582971733.958][SEVERE]: Timed out receiving message from renderer: 0.100
[1582971734.060][SEVERE]: Timed out receiving message from renderer: 0.100
[1582971734.164][SEVERE]: Timed out receiving message from renderer: 0.100
[1582971734.401][SEVERE]: Timed out receiving message from renderer: 0.100
[1582971734.681][SEVERE]: Timed out receiving message from renderer: 0.100
[1582971734.799][SEVERE]: Timed out receiving message from renderer: 0.100
[1582971734.911][SEVERE]: Timed out receiving message from renderer: 0.100
[1582971735.103][SEVERE]: Timed out receiving message from renderer: 0.100
[1582971735.990][SEVERE]: Timed out receiving message from renderer: 0.100
[1582971746.021][SEVERE]: Timed out receiving message from renderer: 0.100
[1582971746.123][SEVERE]: Timed out receiving message from renderer: 0.100
[1582971746.227][SEVERE]: Timed out receiving message from renderer: 0.100
[1582971746.331][SEVERE]: Timed out receiving message from renderer: 0.100
[1582971746.439][SEVERE]: Timed out receiving message from renderer: 0.100
[1582971747.023][SEVERE]: Timed out receiving message from renderer: 0.100
</system-err>
  </testcase>
  <testcase classname="Contact us form" name="Fill details on the Contact us form" time="36.386"/>
  <testcase classname="I want to launch the Google Page" name="Launch Google Page" time="11.577"/>
  <testcase classname="Contact us page navigation" name="Navigate to the Contact us page" time="27.933"/>
  <testcase classname="SecurePay page navigation" name="Navigate to SecurePay page" time="20.627"/>
  <testcase classname="Secure Pay Online Payments page navigation" name="Navigate to Secure Pay Online Payments page" time="24.934"/>
  <testcase classname="I want to search for SecurePay in Google" name="Google Search for SecurePay" time="19.575"/>
</testsuite>